<?xml version="1.0" encoding="UTF-8"?>
<!-- Generated by org.testng.reporters.JUnitReportReporter -->
<testsuite hostname="Rohit" name="PriorityDemo.TestNGIgnoreDemo" tests="1" failures="0" timestamp="9 Aug 2019 04:31:37 GMT" time="0.016" errors="0">
  <testcase name="Test2" time="0.016" classname="PriorityDemo.TestNGIgnoreDemo"/>
</testsuite> <!-- PriorityDemo.TestNGIgnoreDemo -->
