<?xml version="1.0" encoding="UTF-8"?>
<!-- Generated by org.testng.reporters.JUnitReportReporter -->
<testsuite hostname="Rohit" name="utils.ExcelDataProvider" tests="3" failures="0" timestamp="3 Aug 2019 14:42:50 GMT" time="33.547" errors="0">
  <testcase name="test1" time="13.579" classname="utils.ExcelDataProvider"/>
  <testcase name="test1" time="7.453" classname="utils.ExcelDataProvider"/>
  <testcase name="test1" time="12.515" classname="utils.ExcelDataProvider"/>
</testsuite> <!-- utils.ExcelDataProvider -->
