<?xml version="1.0" encoding="UTF-8"?>
<!-- Generated by org.testng.reporters.JUnitReportReporter -->
<testsuite hostname="Rohit" name="PriorityDemo.TestNGParametersDemo" tests="1" failures="0" timestamp="8 Aug 2019 04:20:59 GMT" time="0.014" errors="0">
  <testcase name="test" time="0.014" classname="PriorityDemo.TestNGParametersDemo"/>
</testsuite> <!-- PriorityDemo.TestNGParametersDemo -->
