<?xml version="1.0" encoding="UTF-8"?>
<!-- Generated by org.testng.reporters.JUnitReportReporter -->
<testsuite hostname="Rohit" name="utils.TestNGDependencyDemo" tests="3" failures="0" timestamp="9 Aug 2019 04:20:00 GMT" time="0.016" errors="0">
  <testcase name="Test2" time="0.016" classname="utils.TestNGDependencyDemo"/>
  <testcase name="Test1" time="0.000" classname="utils.TestNGDependencyDemo"/>
  <testcase name="Test3" time="0.000" classname="utils.TestNGDependencyDemo"/>
</testsuite> <!-- utils.TestNGDependencyDemo -->
