<?xml version="1.0" encoding="UTF-8"?>
<!-- Generated by org.testng.reporters.JUnitReportReporter -->
<testsuite hostname="Rohit" name="PriorityDemo.TestNGPriorityDemo" tests="3" failures="0" timestamp="6 Aug 2019 04:22:59 GMT" time="0.012" errors="0">
  <testcase name="test3" time="0.009" classname="PriorityDemo.TestNGPriorityDemo"/>
  <testcase name="two" time="0.001" classname="PriorityDemo.TestNGPriorityDemo"/>
  <testcase name="one" time="0.002" classname="PriorityDemo.TestNGPriorityDemo"/>
</testsuite> <!-- PriorityDemo.TestNGPriorityDemo -->
