<?xml version="1.0" encoding="UTF-8"?>
<!-- Generated by org.testng.reporters.JUnitReportReporter -->
<testsuite hostname="Rohit" name="PriorityDemo.TestNGGroupsDemo" tests="4" failures="0" timestamp="9 Aug 2019 04:16:02 GMT" time="0.030" errors="0">
  <testcase name="test4" time="0.000" classname="PriorityDemo.TestNGGroupsDemo"/>
  <testcase name="test2" time="0.010" classname="PriorityDemo.TestNGGroupsDemo"/>
  <testcase name="test3" time="0.000" classname="PriorityDemo.TestNGGroupsDemo"/>
  <testcase name="test1" time="0.020" classname="PriorityDemo.TestNGGroupsDemo"/>
</testsuite> <!-- PriorityDemo.TestNGGroupsDemo -->
