<?xml version="1.0" encoding="UTF-8"?>
<!-- Generated by org.testng.reporters.JUnitReportReporter -->
<testsuite hostname="Rohit" name="PriorityDemo.TestNGMultiBrowserDemo" tests="2" failures="0" timestamp="7 Aug 2019 03:37:05 GMT" time="19.480" errors="0">
  <testcase name="test" time="9.985" classname="PriorityDemo.TestNGMultiBrowserDemo"/>
  <testcase name="test" time="9.495" classname="PriorityDemo.TestNGMultiBrowserDemo"/>
</testsuite> <!-- PriorityDemo.TestNGMultiBrowserDemo -->
